2015-06-06 22:11:04,961     INFO  streamripper_tagger          worker song tagging queue is empty at the moment
2015-06-06 22:11:14,972    DEBUG  streamripper_tagger        __init__ all keys:[('TENC', TENC(encoding=1, text=[u'Ripped with Streamripper'])), ('TIT2', TIT2(encoding=1, text=[u'armagideon time'])), ('TYER', TYER(encoding=1, text=[u''])), ('TRCK', TRCK(encoding=1, text=[u'11'])), ('TPE1', TPE1(encoding=1, text=[u'Willie Williams'])), ('TALB', TALB(encoding=1, text=[u'']))]
2015-06-06 22:11:14,972    DEBUG  streamripper_tagger        __init__ all keys:[('TENC', TENC(encoding=1, text=[u'Ripped with Streamripper'])), ('TIT2', TIT2(encoding=1, text=[u'Watch that little girl'])), ('TYER', TYER(encoding=1, text=[u''])), ('TRCK', TRCK(encoding=1, text=[u'14'])), ('TPE1', TPE1(encoding=1, text=[u'Nicky Thomas'])), ('TALB', TALB(encoding=1, text=[u'']))]
2015-06-06 22:11:15,017    DEBUG  streamripper_tagger        __init__ all keys:[('TENC', TENC(encoding=1, text=[u'Ripped with Streamripper'])), ('TIT2', TIT2(encoding=1, text=[u'I Mean You'])), ('TYER', TYER(encoding=1, text=[u''])), ('TRCK', TRCK(encoding=1, text=[u'2'])), ('TPE1', TPE1(encoding=1, text=[u'New York Ska Jazz Ensemble'])), ('TALB', TALB(encoding=1, text=[u'']))]
2015-06-06 22:11:15,027    DEBUG  streamripper_tagger        __init__ all keys:[('TENC', TENC(encoding=1, text=[u'Ripped with Streamripper'])), ('TIT2', TIT2(encoding=1, text=[u'Ska All Over The World'])), ('TYER', TYER(encoding=1, text=[u''])), ('TRCK', TRCK(encoding=1, text=[u'21'])), ('TPE1', TPE1(encoding=1, text=[u'Jamaican Roots Radio'])), ('TALB', TALB(encoding=1, text=[u'']))]
2015-06-06 22:11:15,028    DEBUG  streamripper_tagger        __init__ all keys:[('TENC', TENC(encoding=1, text=[u'Ripped with Streamripper'])), ('TIT2', TIT2(encoding=1, text=[u'We Were Meant To Be'])), ('TYER', TYER(encoding=1, text=[u''])), ('TRCK', TRCK(encoding=1, text=[u'16'])), ('TPE1', TPE1(encoding=1, text=[u'The Paragons, Lynn Taitt & The Jets'])), ('TALB', TALB(encoding=1, text=[u'']))]
2015-06-06 22:11:15,028    DEBUG  streamripper_tagger        __init__ all keys:[('TENC', TENC(encoding=1, text=[u'Ripped with Streamripper'])), ('TIT2', TIT2(encoding=1, text=[u"Yesterday's Men"])), ('TYER', TYER(encoding=1, text=[u''])), ('TRCK', TRCK(encoding=1, text=[u'13'])), ('TPE1', TPE1(encoding=1, text=[u'Madness'])), ('TALB', TALB(encoding=1, text=[u'']))]
2015-06-06 22:11:15,029    DEBUG  streamripper_tagger        __init__ all keys:[('TENC', TENC(encoding=1, text=[u'Ripped with Streamripper'])), ('TIT2', TIT2(encoding=1, text=[u'La Sapo Rita'])), ('TYER', TYER(encoding=1, text=[u''])), ('TRCK', TRCK(encoding=1, text=[u'15'])), ('TPE1', TPE1(encoding=1, text=[u'Los Elefantes'])), ('TALB', TALB(encoding=1, text=[u'']))]
2015-06-06 22:11:15,029    DEBUG  streamripper_tagger        __init__ all keys:[('TENC', TENC(encoding=1, text=[u'Ripped with Streamripper'])), ('TIT2', TIT2(encoding=1, text=[u'Felicia'])), ('TYER', TYER(encoding=1, text=[u''])), ('TRCK', TRCK(encoding=1, text=[u'19'])), ('TPE1', TPE1(encoding=1, text=[u'Ernest Ranglin'])), ('TALB', TALB(encoding=1, text=[u'']))]
2015-06-06 22:11:15,030    DEBUG  streamripper_tagger        __init__ all keys:[('TENC', TENC(encoding=1, text=[u'Ripped with Streamripper'])), ('TIT2', TIT2(encoding=1, text=[u"Lovin' Man"])), ('TYER', TYER(encoding=1, text=[u''])), ('TRCK', TRCK(encoding=1, text=[u'24'])), ('TPE1', TPE1(encoding=1, text=[u'Hepcat'])), ('TALB', TALB(encoding=1, text=[u'']))]
2015-06-06 22:11:15,030    DEBUG  streamripper_tagger        __init__ all keys:[('TENC', TENC(encoding=1, text=[u'Ripped with Streamripper'])), ('TIT2', TIT2(encoding=1, text=[u'WOMAN A COME'])), ('TYER', TYER(encoding=1, text=[u''])), ('TRCK', TRCK(encoding=1, text=[u'4'])), ('TPE1', TPE1(encoding=1, text=[u'THE SKATALITES'])), ('TALB', TALB(encoding=1, text=[u'']))]
2015-06-06 22:11:15,034    DEBUG  streamripper_tagger        __init__ all keys:[('TENC', TENC(encoding=1, text=[u'Ripped with Streamripper'])), ('TIT2', TIT2(encoding=1, text=[u'TargetSpot'])), ('TYER', TYER(encoding=1, text=[u''])), ('TRCK', TRCK(encoding=1, text=[u'8'])), ('TPE1', TPE1(encoding=1, text=[u'Targetspot'])), ('TALB', TALB(encoding=1, text=[u'']))]
2015-06-06 22:11:15,035    DEBUG  streamripper_tagger        __init__ all keys:[('TENC', TENC(encoding=1, text=[u'Ripped with Streamripper'])), ('TIT2', TIT2(encoding=1, text=[u'Sally Brown'])), ('TYER', TYER(encoding=1, text=[u''])), ('TRCK', TRCK(encoding=1, text=[u'7'])), ('TPE1', TPE1(encoding=1, text=[u'Bad Manners'])), ('TALB', TALB(encoding=1, text=[u'']))]
2015-06-06 22:11:15,035    DEBUG  streamripper_tagger        __init__ all keys:[('TENC', TENC(encoding=1, text=[u'Ripped with Streamripper'])), ('TIT2', TIT2(encoding=1, text=[u"No Wicked Can't Reign"])), ('TYER', TYER(encoding=1, text=[u''])), ('TRCK', TRCK(encoding=1, text=[u'9'])), ('TPE1', TPE1(encoding=1, text=[u'Eek-A-Mouse'])), ('TALB', TALB(encoding=1, text=[u'']))]
2015-06-06 22:11:15,036    DEBUG  streamripper_tagger        __init__ all keys:[('TENC', TENC(encoding=1, text=[u'Ripped with Streamripper'])), ('TIT2', TIT2(encoding=1, text=[u'Skinheads A Bash Them'])), ('TYER', TYER(encoding=1, text=[u''])), ('TRCK', TRCK(encoding=1, text=[u'5'])), ('TPE1', TPE1(encoding=1, text=[u'Claudette & The Corporation'])), ('TALB', TALB(encoding=1, text=[u'']))]
2015-06-06 22:11:15,046    DEBUG  streamripper_tagger        __init__ all keys:[('TENC', TENC(encoding=1, text=[u'Ripped with Streamripper'])), ('TIT2', TIT2(encoding=1, text=[u'Todo es posible'])), ('TYER', TYER(encoding=1, text=[u''])), ('TRCK', TRCK(encoding=1, text=[u'22'])), ('TPE1', TPE1(encoding=1, text=[u'La gran orquesta republicana'])), ('TALB', TALB(encoding=1, text=[u'']))]
2015-06-06 22:11:15,046    DEBUG  streamripper_tagger        __init__ all keys:[('TENC', TENC(encoding=1, text=[u'Ripped with Streamripper'])), ('TIT2', TIT2(encoding=1, text=[u'Bang Bang Rock Steady'])), ('TYER', TYER(encoding=1, text=[u''])), ('TRCK', TRCK(encoding=1, text=[u'3'])), ('TPE1', TPE1(encoding=1, text=[u"Tomorrow's Children"])), ('TALB', TALB(encoding=1, text=[u'']))]
2015-06-06 22:11:15,055    DEBUG  streamripper_tagger        __init__ all keys:[('TENC', TENC(encoding=1, text=[u'Ripped with Streamripper'])), ('TIT2', TIT2(encoding=1, text=[u'Romper\xc3\xa9 Cadenas'])), ('TYER', TYER(encoding=1, text=[u''])), ('TRCK', TRCK(encoding=1, text=[u'20'])), ('TPE1', TPE1(encoding=1, text=[u'Juantxo Skalari & La Rude Band'])), ('TALB', TALB(encoding=1, text=[u'']))]
2015-06-06 22:11:15,056    DEBUG  streamripper_tagger        __init__ all keys:[('TENC', TENC(encoding=1, text=[u'Ripped with Streamripper'])), ('TIT2', TIT2(encoding=1, text=[u'Ni\xc3\xb1a, ni\xc3\xb1a'])), ('TYER', TYER(encoding=1, text=[u''])), ('TRCK', TRCK(encoding=1, text=[u'25'])), ('TPE1', TPE1(encoding=1, text=[u'Laurel Aitken & The Skarlatines'])), ('TALB', TALB(encoding=1, text=[u'']))]
2015-06-06 22:11:15,056    DEBUG  streamripper_tagger        __init__ all keys:[('TENC', TENC(encoding=1, text=[u'Ripped with Streamripper'])), ('TIT2', TIT2(encoding=1, text=[u'Spread Your Bed'])), ('TYER', TYER(encoding=1, text=[u''])), ('TRCK', TRCK(encoding=1, text=[u'17'])), ('TPE1', TPE1(encoding=1, text=[u'The Versatiles'])), ('TALB', TALB(encoding=1, text=[u'']))]
2015-06-06 22:11:15,057    DEBUG  streamripper_tagger        __init__ all keys:[('TENC', TENC(encoding=1, text=[u'Ripped with Streamripper'])), ('TIT2', TIT2(encoding=1, text=[u'Dont be a rudeboy'])), ('TYER', TYER(encoding=1, text=[u''])), ('TRCK', TRCK(encoding=1, text=[u'12'])), ('TPE1', TPE1(encoding=1, text=[u'The Rulers'])), ('TALB', TALB(encoding=1, text=[u'']))]
2015-06-06 22:11:15,058    DEBUG  streamripper_tagger        __init__ all keys:[('TENC', TENC(encoding=1, text=[u'Ripped with Streamripper'])), ('TIT2', TIT2(encoding=1, text=[u'14. prince buster & all stars - why must i cry (bb 384b)'])), ('TYER', TYER(encoding=1, text=[u''])), ('TRCK', TRCK(encoding=1, text=[u'10'])), ('TPE1', TPE1(encoding=1, text=[u'Prince Buster & All Stars'])), ('TALB', TALB(encoding=1, text=[u'']))]
2015-06-06 22:11:15,058    DEBUG  streamripper_tagger        __init__ all keys:[('TENC', TENC(encoding=1, text=[u'Ripped with Streamripper'])), ('TIT2', TIT2(encoding=1, text=[u'Wooden Heart'])), ('TYER', TYER(encoding=1, text=[u''])), ('TRCK', TRCK(encoding=1, text=[u'1'])), ('TPE1', TPE1(encoding=1, text=[u'Larry Marshall'])), ('TALB', TALB(encoding=1, text=[u'']))]
2015-06-06 22:11:15,069    DEBUG  streamripper_tagger        __init__ all keys:[('TENC', TENC(encoding=1, text=[u'Ripped with Streamripper'])), ('TIT2', TIT2(encoding=1, text=[u'Todavia Queda Gente Que Lucha'])), ('TYER', TYER(encoding=1, text=[u''])), ('TRCK', TRCK(encoding=1, text=[u'23'])), ('TPE1', TPE1(encoding=1, text=[u'Los Skarabajos'])), ('TALB', TALB(encoding=1, text=[u'']))]
2015-06-06 22:11:15,069    DEBUG  streamripper_tagger        __init__ all keys:[('TENC', TENC(encoding=1, text=[u'Ripped with Streamripper'])), ('TIT2', TIT2(encoding=1, text=[u'(Dawning Of A) New Era'])), ('TYER', TYER(encoding=1, text=[u''])), ('TRCK', TRCK(encoding=1, text=[u'6'])), ('TPE1', TPE1(encoding=1, text=[u'The Coventry Automatics'])), ('TALB', TALB(encoding=1, text=[u'']))]
2015-06-06 22:11:15,078     INFO  streamripper_tagger          worker song tagging queue is empty at the moment
2015-06-06 22:11:25,081     INFO  streamripper_tagger          worker song tagging queue is empty at the moment
2015-06-06 22:11:35,092     INFO  streamripper_tagger          worker song tagging queue is empty at the moment
2015-06-06 22:11:45,092     INFO  streamripper_tagger          worker song tagging queue is empty at the moment
2015-06-06 22:11:55,103     INFO  streamripper_tagger          worker song tagging queue is empty at the moment
2015-06-06 22:12:05,113     INFO  streamripper_tagger          worker song tagging queue is empty at the moment
2015-06-06 22:12:15,120     INFO  streamripper_tagger          worker song tagging queue is empty at the moment
2015-06-06 22:12:25,131     INFO  streamripper_tagger          worker song tagging queue is empty at the moment
2015-06-06 22:12:35,137     INFO  streamripper_tagger          worker song tagging queue is empty at the moment
2015-06-06 22:12:45,147     INFO  streamripper_tagger          worker song tagging queue is empty at the moment
2015-06-06 22:12:55,147     INFO  streamripper_tagger          worker song tagging queue is empty at the moment
2015-06-06 22:13:05,157     INFO  streamripper_tagger          worker song tagging queue is empty at the moment
2015-06-06 22:13:15,164     INFO  streamripper_tagger          worker song tagging queue is empty at the moment
